
*** Running vivado
    with args -log lab7.vds -m64 -product Vivado -mode batch -messageDb vivado.pb -notrace -source lab7.tcl


ECHO 已關閉。
ECHO 已關閉。

****** Vivado v2023.1 (64-bit)
  **** SW Build 3865809 on Sun May  7 15:05:29 MDT 2023
  **** IP Build 3864474 on Sun May  7 20:36:21 MDT 2023
  **** SharedData Build 3865790 on Sun May 07 13:33:03 MDT 2023
    ** Copyright 1986-2022 Xilinx, Inc. All Rights Reserved.
    ** Copyright 2022-2023 Advanced Micro Devices, Inc. All Rights Reserved.

source lab7.tcl -notrace
create_project: Time (s): cpu = 00:00:03 ; elapsed = 00:00:08 . Memory (MB): peak = 452.246 ; gain = 163.570
Command: synth_design -top lab7 -part xc7a35ticsg324-1L
Starting synth_design
Attempting to get a license for feature 'Synthesis' and/or device 'xc7a35ti'
INFO: [Common 17-349] Got license for feature 'Synthesis' and/or device 'xc7a35ti'
INFO: [Device 21-403] Loading part xc7a35ticsg324-1L
INFO: [Synth 8-7079] Multithreading enabled for synth_design using a maximum of 2 processes.
INFO: [Synth 8-7078] Launching helper process for spawning children vivado processes
INFO: [Synth 8-7075] Helper process launched with PID 12832
WARNING: [Synth 8-6901] identifier 'index_counter' is used before its declaration [C:/Users/user/Desktop/nycu/Dlab/Lab_7/lab_7.srcs/sources_1/lab7.v:178]
WARNING: [Synth 8-6901] identifier 'index_counter' is used before its declaration [C:/Users/user/Desktop/nycu/Dlab/Lab_7/lab_7.srcs/sources_1/lab7.v:208]
WARNING: [Synth 8-6901] identifier 'index_counter' is used before its declaration [C:/Users/user/Desktop/nycu/Dlab/Lab_7/lab_7.srcs/sources_1/lab7.v:216]
---------------------------------------------------------------------------------
Starting RTL Elaboration : Time (s): cpu = 00:00:04 ; elapsed = 00:00:06 . Memory (MB): peak = 1264.012 ; gain = 409.012
---------------------------------------------------------------------------------
INFO: [Synth 8-6157] synthesizing module 'lab7' [C:/Users/user/Desktop/nycu/Dlab/Lab_7/lab_7.srcs/sources_1/lab7.v:24]
INFO: [Synth 8-6157] synthesizing module 'uart' [C:/Users/user/Desktop/nycu/Dlab/Lab_7/lab_7.srcs/sources_1/new/uart.v:31]
INFO: [Synth 8-6155] done synthesizing module 'uart' (0#1) [C:/Users/user/Desktop/nycu/Dlab/Lab_7/lab_7.srcs/sources_1/new/uart.v:31]
INFO: [Synth 8-6157] synthesizing module 'LCD_module' [C:/Users/user/Desktop/nycu/Dlab/Lab_7/lab_7.srcs/sources_1/LCD_module.v:13]
INFO: [Synth 8-6155] done synthesizing module 'LCD_module' (0#1) [C:/Users/user/Desktop/nycu/Dlab/Lab_7/lab_7.srcs/sources_1/LCD_module.v:13]
INFO: [Synth 8-6157] synthesizing module 'debounce' [C:/Users/user/Desktop/nycu/Dlab/Lab_7/lab_7.srcs/sources_1/debounce.v:21]
INFO: [Synth 8-6155] done synthesizing module 'debounce' (0#1) [C:/Users/user/Desktop/nycu/Dlab/Lab_7/lab_7.srcs/sources_1/debounce.v:21]
INFO: [Synth 8-6157] synthesizing module 'sram' [C:/Users/user/Desktop/nycu/Dlab/Lab_7/lab_7.srcs/sources_1/sram.v:30]
INFO: [Synth 8-3876] $readmem data file 'matrices.mem' is read successfully [C:/Users/user/Desktop/nycu/Dlab/Lab_7/lab_7.srcs/sources_1/sram.v:45]
INFO: [Synth 8-6155] done synthesizing module 'sram' (0#1) [C:/Users/user/Desktop/nycu/Dlab/Lab_7/lab_7.srcs/sources_1/sram.v:30]
WARNING: [Synth 8-689] width (12) of port connection 'addr' does not match port width (11) of module 'sram' [C:/Users/user/Desktop/nycu/Dlab/Lab_7/lab_7.srcs/sources_1/lab7.v:140]
INFO: [Synth 8-155] case statement is not full and has no default [C:/Users/user/Desktop/nycu/Dlab/Lab_7/lab_7.srcs/sources_1/lab7.v:227]
INFO: [Synth 8-6155] done synthesizing module 'lab7' (0#1) [C:/Users/user/Desktop/nycu/Dlab/Lab_7/lab_7.srcs/sources_1/lab7.v:24]
WARNING: [Synth 8-6014] Unused sequential element data1_reg[16] was removed.  [C:/Users/user/Desktop/nycu/Dlab/Lab_7/lab_7.srcs/sources_1/lab7.v:152]
WARNING: [Synth 8-6014] Unused sequential element data2_reg[16] was removed.  [C:/Users/user/Desktop/nycu/Dlab/Lab_7/lab_7.srcs/sources_1/lab7.v:153]
WARNING: [Synth 8-4767] Trying to implement RAM 'data_reg' in registers. Block RAM or DRAM implementation is not possible; see log for reasons.
Reason is one or more of the following :
	1: Write port has constant address. 
	2: Unable to determine number of words or word size in RAM. 
	3: No valid read/write found for RAM. 
RAM "data_reg" dissolved into registers
WARNING: [Synth 8-4767] Trying to implement RAM ' ' in registers. Block RAM or DRAM implementation is not possible; see log for reasons.
	1: RAM has multiple writes via different ports in same process. If RAM inferencing intended, write to one port per process. 
	2: Unable to determine number of words or word size in RAM. 
	3: No valid read/write found for RAM. 
RAM dissolved into registers
WARNING: [Synth 8-3848] Net solution[17] in module/entity lab7 does not have driver. [C:/Users/user/Desktop/nycu/Dlab/Lab_7/lab_7.srcs/sources_1/lab7.v:64]
WARNING: [Synth 8-3848] Net solution[0] in module/entity lab7 does not have driver. [C:/Users/user/Desktop/nycu/Dlab/Lab_7/lab_7.srcs/sources_1/lab7.v:64]
WARNING: [Synth 8-3917] design lab7 has port usr_led[3] driven by constant 0
WARNING: [Synth 8-3917] design lab7 has port usr_led[2] driven by constant 0
WARNING: [Synth 8-3917] design lab7 has port usr_led[1] driven by constant 0
WARNING: [Synth 8-3917] design lab7 has port usr_led[0] driven by constant 0
WARNING: [Synth 8-7129] Port addr[10] in module sram is either unconnected or has no load
WARNING: [Synth 8-7129] Port usr_btn[2] in module lab7 is either unconnected or has no load
---------------------------------------------------------------------------------
Finished RTL Elaboration : Time (s): cpu = 00:00:05 ; elapsed = 00:00:09 . Memory (MB): peak = 1382.555 ; gain = 527.555
---------------------------------------------------------------------------------
---------------------------------------------------------------------------------
Start Handling Custom Attributes
---------------------------------------------------------------------------------
---------------------------------------------------------------------------------
Finished Handling Custom Attributes : Time (s): cpu = 00:00:05 ; elapsed = 00:00:09 . Memory (MB): peak = 1382.555 ; gain = 527.555
---------------------------------------------------------------------------------
---------------------------------------------------------------------------------
Finished RTL Optimization Phase 1 : Time (s): cpu = 00:00:05 ; elapsed = 00:00:09 . Memory (MB): peak = 1382.555 ; gain = 527.555
---------------------------------------------------------------------------------
Netlist sorting complete. Time (s): cpu = 00:00:00 ; elapsed = 00:00:00.069 . Memory (MB): peak = 1382.555 ; gain = 0.000
INFO: [Project 1-570] Preparing netlist for logic optimization

Processing XDC Constraints
Initializing timing engine
Parsing XDC File [C:/Users/user/Desktop/nycu/Dlab/Lab_7/lab_7.srcs/constrs_1/lab7.xdc]
Finished Parsing XDC File [C:/Users/user/Desktop/nycu/Dlab/Lab_7/lab_7.srcs/constrs_1/lab7.xdc]
INFO: [Project 1-236] Implementation specific constraints were found while reading constraint file [C:/Users/user/Desktop/nycu/Dlab/Lab_7/lab_7.srcs/constrs_1/lab7.xdc]. These constraints will be ignored for synthesis but will be used in implementation. Impacted constraints are listed in the file [.Xil/lab7_propImpl.xdc].
Resolution: To avoid this warning, move constraints listed in [.Xil/lab7_propImpl.xdc] to another XDC file and exclude this new file from synthesis with the used_in_synthesis property (File Properties dialog in GUI) and re-run elaboration/synthesis.
Completed Processing XDC Constraints

Netlist sorting complete. Time (s): cpu = 00:00:00 ; elapsed = 00:00:00.001 . Memory (MB): peak = 1484.035 ; gain = 0.000
INFO: [Project 1-111] Unisim Transformation Summary:
No Unisim elements were transformed.

Constraint Validation Runtime : Time (s): cpu = 00:00:00 ; elapsed = 00:00:00.024 . Memory (MB): peak = 1484.035 ; gain = 0.000
---------------------------------------------------------------------------------
Finished Constraint Validation : Time (s): cpu = 00:00:09 ; elapsed = 00:00:19 . Memory (MB): peak = 1484.035 ; gain = 629.035
---------------------------------------------------------------------------------
---------------------------------------------------------------------------------
Start Loading Part and Timing Information
---------------------------------------------------------------------------------
Loading part: xc7a35ticsg324-1L
---------------------------------------------------------------------------------
Finished Loading Part and Timing Information : Time (s): cpu = 00:00:09 ; elapsed = 00:00:19 . Memory (MB): peak = 1484.035 ; gain = 629.035
---------------------------------------------------------------------------------
---------------------------------------------------------------------------------
Start Applying 'set_property' XDC Constraints
---------------------------------------------------------------------------------
---------------------------------------------------------------------------------
Finished applying 'set_property' XDC Constraints : Time (s): cpu = 00:00:09 ; elapsed = 00:00:19 . Memory (MB): peak = 1484.035 ; gain = 629.035
---------------------------------------------------------------------------------
INFO: [Synth 8-802] inferred FSM for state register 'Q_reg' in module 'lab7'
---------------------------------------------------------------------------------------------------
                   State |                     New Encoding |                Previous Encoding 
---------------------------------------------------------------------------------------------------
             S_UART_IDLE |                               00 |                               00
             S_UART_WAIT |                               01 |                               01
             S_UART_SEND |                               10 |                               10
             S_UART_INCR |                               11 |                               11
---------------------------------------------------------------------------------------------------
INFO: [Synth 8-3354] encoded FSM with state register 'Q_reg' using encoding 'sequential' in module 'lab7'
---------------------------------------------------------------------------------
Finished RTL Optimization Phase 2 : Time (s): cpu = 00:00:11 ; elapsed = 00:00:23 . Memory (MB): peak = 1484.035 ; gain = 629.035
---------------------------------------------------------------------------------
---------------------------------------------------------------------------------
Start RTL Component Statistics 
---------------------------------------------------------------------------------
Detailed RTL Component Info : 
+---Adders : 
	   4 Input   18 Bit       Adders := 4     
	   2 Input   11 Bit       Adders := 2     
	   2 Input    8 Bit       Adders := 1     
	   2 Input    7 Bit       Adders := 9     
	   2 Input    6 Bit       Adders := 2     
	   2 Input    5 Bit       Adders := 2     
	   2 Input    4 Bit       Adders := 2     
+---Registers : 
	              128 Bit    Registers := 2     
	               18 Bit    Registers := 32    
	               11 Bit    Registers := 2     
	                8 Bit    Registers := 140   
	                6 Bit    Registers := 2     
	                5 Bit    Registers := 1     
	                4 Bit    Registers := 6     
	                3 Bit    Registers := 1     
	                2 Bit    Registers := 3     
	                1 Bit    Registers := 9     
+---RAMs : 
	               8K Bit	(1024 X 8 bit)          RAMs := 1     
+---Muxes : 
	   2 Input  576 Bit        Muxes := 3     
	   5 Input   18 Bit        Muxes := 16    
	   4 Input   11 Bit        Muxes := 1     
	   2 Input   11 Bit        Muxes := 4     
	   8 Input   11 Bit        Muxes := 1     
	   4 Input    8 Bit        Muxes := 56    
	   2 Input    8 Bit        Muxes := 184   
	   3 Input    6 Bit        Muxes := 1     
	   2 Input    6 Bit        Muxes := 4     
	   4 Input    6 Bit        Muxes := 1     
	   2 Input    5 Bit        Muxes := 5     
	   4 Input    4 Bit        Muxes := 1     
	   8 Input    4 Bit        Muxes := 1     
	  13 Input    4 Bit        Muxes := 1     
	   2 Input    4 Bit        Muxes := 1     
	   3 Input    3 Bit        Muxes := 2     
	   7 Input    2 Bit        Muxes := 1     
	   2 Input    2 Bit        Muxes := 13    
	   3 Input    2 Bit        Muxes := 3     
	   4 Input    2 Bit        Muxes := 18    
	   5 Input    2 Bit        Muxes := 16    
	   4 Input    1 Bit        Muxes := 3     
	   2 Input    1 Bit        Muxes := 65    
	   8 Input    1 Bit        Muxes := 2     
	  13 Input    1 Bit        Muxes := 2     
	  69 Input    1 Bit        Muxes := 2     
	   3 Input    1 Bit        Muxes := 2     
	   5 Input    1 Bit        Muxes := 1     
---------------------------------------------------------------------------------
Finished RTL Component Statistics 
---------------------------------------------------------------------------------
---------------------------------------------------------------------------------
Start Part Resource Summary
---------------------------------------------------------------------------------
Part Resources:
DSPs: 90 (col length:60)
BRAMs: 100 (col length: RAMB18 60 RAMB36 30)
---------------------------------------------------------------------------------
Finished Part Resource Summary
---------------------------------------------------------------------------------
---------------------------------------------------------------------------------
Start Cross Boundary and Area Optimization
---------------------------------------------------------------------------------
WARNING: [Synth 8-7080] Parallel synthesis criteria is not met
WARNING: [Synth 8-3917] design lab7 has port usr_led[3] driven by constant 0
WARNING: [Synth 8-3917] design lab7 has port usr_led[2] driven by constant 0
WARNING: [Synth 8-3917] design lab7 has port usr_led[1] driven by constant 0
WARNING: [Synth 8-3917] design lab7 has port usr_led[0] driven by constant 0
WARNING: [Synth 8-7129] Port usr_btn[2] in module lab7 is either unconnected or has no load
---------------------------------------------------------------------------------
Finished Cross Boundary and Area Optimization : Time (s): cpu = 00:00:18 ; elapsed = 00:00:39 . Memory (MB): peak = 1484.035 ; gain = 629.035
---------------------------------------------------------------------------------
---------------------------------------------------------------------------------
Start ROM, RAM, DSP, Shift Register and Retiming Reporting
---------------------------------------------------------------------------------

Block RAM: Preliminary Mapping Report (see note below)
+------------+--------------+------------------------+---+---+------------------------+---+---+------------------+--------+--------+
|Module Name | RTL Object   | PORT A (Depth x Width) | W | R | PORT B (Depth x Width) | W | R | Ports driving FF | RAMB18 | RAMB36 | 
+------------+--------------+------------------------+---+---+------------------------+---+---+------------------+--------+--------+
|lab7        | ram0/RAM_reg | 1 K x 8(WRITE_FIRST)   | W | R |                        |   |   | Port A           | 1      | 0      | 
+------------+--------------+------------------------+---+---+------------------------+---+---+------------------+--------+--------+

Note: The table above is a preliminary report that shows the Block RAMs at the current stage of the synthesis flow. Some Block RAMs may be reimplemented as non Block RAM primitives later in the synthesis flow. Multiple instantiated Block RAMs are reported only once. 
---------------------------------------------------------------------------------
Finished ROM, RAM, DSP, Shift Register and Retiming Reporting
---------------------------------------------------------------------------------
---------------------------------------------------------------------------------
Start Applying XDC Timing Constraints
---------------------------------------------------------------------------------
---------------------------------------------------------------------------------
Finished Applying XDC Timing Constraints : Time (s): cpu = 00:00:22 ; elapsed = 00:00:46 . Memory (MB): peak = 1484.035 ; gain = 629.035
---------------------------------------------------------------------------------
---------------------------------------------------------------------------------
Start Timing Optimization
---------------------------------------------------------------------------------
---------------------------------------------------------------------------------
Finished Timing Optimization : Time (s): cpu = 00:00:26 ; elapsed = 00:00:55 . Memory (MB): peak = 1535.098 ; gain = 680.098
---------------------------------------------------------------------------------
---------------------------------------------------------------------------------
Start ROM, RAM, DSP, Shift Register and Retiming Reporting
---------------------------------------------------------------------------------

Block RAM: Final Mapping Report
+------------+--------------+------------------------+---+---+------------------------+---+---+------------------+--------+--------+
|Module Name | RTL Object   | PORT A (Depth x Width) | W | R | PORT B (Depth x Width) | W | R | Ports driving FF | RAMB18 | RAMB36 | 
+------------+--------------+------------------------+---+---+------------------------+---+---+------------------+--------+--------+
|lab7        | ram0/RAM_reg | 1 K x 8(WRITE_FIRST)   | W | R |                        |   |   | Port A           | 1      | 0      | 
+------------+--------------+------------------------+---+---+------------------------+---+---+------------------+--------+--------+

---------------------------------------------------------------------------------
Finished ROM, RAM, DSP, Shift Register and Retiming Reporting
---------------------------------------------------------------------------------
---------------------------------------------------------------------------------
Start Technology Mapping
---------------------------------------------------------------------------------
---------------------------------------------------------------------------------
Finished Technology Mapping : Time (s): cpu = 00:00:28 ; elapsed = 00:00:58 . Memory (MB): peak = 1555.238 ; gain = 700.238
---------------------------------------------------------------------------------
---------------------------------------------------------------------------------
Start IO Insertion
---------------------------------------------------------------------------------
---------------------------------------------------------------------------------
Start Flattening Before IO Insertion
---------------------------------------------------------------------------------
---------------------------------------------------------------------------------
Finished Flattening Before IO Insertion
---------------------------------------------------------------------------------
---------------------------------------------------------------------------------
Start Final Netlist Cleanup
---------------------------------------------------------------------------------
---------------------------------------------------------------------------------
Finished Final Netlist Cleanup
---------------------------------------------------------------------------------
---------------------------------------------------------------------------------
Finished IO Insertion : Time (s): cpu = 00:00:30 ; elapsed = 00:01:04 . Memory (MB): peak = 1569.902 ; gain = 714.902
---------------------------------------------------------------------------------
---------------------------------------------------------------------------------
Start Renaming Generated Instances
---------------------------------------------------------------------------------
---------------------------------------------------------------------------------
Finished Renaming Generated Instances : Time (s): cpu = 00:00:30 ; elapsed = 00:01:04 . Memory (MB): peak = 1569.902 ; gain = 714.902
---------------------------------------------------------------------------------
---------------------------------------------------------------------------------
Start Rebuilding User Hierarchy
---------------------------------------------------------------------------------
---------------------------------------------------------------------------------
Finished Rebuilding User Hierarchy : Time (s): cpu = 00:00:30 ; elapsed = 00:01:05 . Memory (MB): peak = 1569.902 ; gain = 714.902
---------------------------------------------------------------------------------
---------------------------------------------------------------------------------
Start Renaming Generated Ports
---------------------------------------------------------------------------------
---------------------------------------------------------------------------------
Finished Renaming Generated Ports : Time (s): cpu = 00:00:30 ; elapsed = 00:01:05 . Memory (MB): peak = 1569.902 ; gain = 714.902
---------------------------------------------------------------------------------
---------------------------------------------------------------------------------
Start Handling Custom Attributes
---------------------------------------------------------------------------------
---------------------------------------------------------------------------------
Finished Handling Custom Attributes : Time (s): cpu = 00:00:31 ; elapsed = 00:01:05 . Memory (MB): peak = 1569.938 ; gain = 714.938
---------------------------------------------------------------------------------
---------------------------------------------------------------------------------
Start Renaming Generated Nets
---------------------------------------------------------------------------------
---------------------------------------------------------------------------------
Finished Renaming Generated Nets : Time (s): cpu = 00:00:31 ; elapsed = 00:01:05 . Memory (MB): peak = 1569.938 ; gain = 714.938
---------------------------------------------------------------------------------
---------------------------------------------------------------------------------
Start Writing Synthesis Report
---------------------------------------------------------------------------------

Report BlackBoxes: 
+-+--------------+----------+
| |BlackBox name |Instances |
+-+--------------+----------+
+-+--------------+----------+

Report Cell Usage: 
+------+---------+------+
|      |Cell     |Count |
+------+---------+------+
|1     |BUFG     |     1|
|2     |CARRY4   |   689|
|3     |LUT1     |    10|
|4     |LUT2     |  1572|
|5     |LUT3     |   372|
|6     |LUT4     |  1055|
|7     |LUT5     |   507|
|8     |LUT6     |  2923|
|9     |MUXF7    |    42|
|10    |MUXF8    |     5|
|11    |RAMB18E1 |     1|
|12    |FDRE     |  1126|
|13    |FDSE     |    29|
|14    |IBUF     |     5|
|15    |OBUF     |    12|
+------+---------+------+
---------------------------------------------------------------------------------
Finished Writing Synthesis Report : Time (s): cpu = 00:00:31 ; elapsed = 00:01:05 . Memory (MB): peak = 1569.938 ; gain = 714.938
---------------------------------------------------------------------------------
Synthesis finished with 0 errors, 0 critical warnings and 6 warnings.
Synthesis Optimization Runtime : Time (s): cpu = 00:00:25 ; elapsed = 00:01:02 . Memory (MB): peak = 1569.938 ; gain = 613.457
Synthesis Optimization Complete : Time (s): cpu = 00:00:31 ; elapsed = 00:01:05 . Memory (MB): peak = 1569.938 ; gain = 714.938
INFO: [Project 1-571] Translating synthesized netlist
Netlist sorting complete. Time (s): cpu = 00:00:00 ; elapsed = 00:00:00.086 . Memory (MB): peak = 1581.957 ; gain = 0.000
INFO: [Netlist 29-17] Analyzing 737 Unisim elements for replacement
INFO: [Netlist 29-28] Unisim Transformation completed in 0 CPU seconds
WARNING: [Netlist 29-101] Netlist 'lab7' is not ideal for floorplanning, since the cellview 'lab7' contains a large number of primitives.  Please consider enabling hierarchy in synthesis if you want to do floorplanning.
INFO: [Project 1-570] Preparing netlist for logic optimization
INFO: [Opt 31-138] Pushed 0 inverter(s) to 0 load pin(s).
Netlist sorting complete. Time (s): cpu = 00:00:00 ; elapsed = 00:00:00.002 . Memory (MB): peak = 1585.734 ; gain = 0.000
INFO: [Project 1-111] Unisim Transformation Summary:
No Unisim elements were transformed.

Synth Design complete | Checksum: ada6c95
INFO: [Common 17-83] Releasing license: Synthesis
29 Infos, 23 Warnings, 0 Critical Warnings and 0 Errors encountered.
synth_design completed successfully
synth_design: Time (s): cpu = 00:00:34 ; elapsed = 00:01:12 . Memory (MB): peak = 1585.734 ; gain = 1133.488
INFO: [Common 17-1381] The checkpoint 'C:/Users/user/Desktop/nycu/Dlab/Lab_7/lab_7.runs/synth_1/lab7.dcp' has been generated.
INFO: [runtcl-4] Executing : report_utilization -file lab7_utilization_synth.rpt -pb lab7_utilization_synth.pb
INFO: [Common 17-206] Exiting Vivado at Mon Nov 20 20:08:02 2023...
